0 info it worked if it ends with ok
1 verbose cli [ '/usr/bin/node', '/usr/bin/npm', 'run', 'lint:fix' ]
2 info using npm@3.5.2
3 info using node@v8.10.0
4 verbose run-script [ 'prelint:fix', 'lint:fix', 'postlint:fix' ]
5 info lifecycle contribute101@1.0.0~prelint:fix: contribute101@1.0.0
6 silly lifecycle contribute101@1.0.0~prelint:fix: no script for prelint:fix, continuing
7 info lifecycle contribute101@1.0.0~lint:fix: contribute101@1.0.0
8 verbose lifecycle contribute101@1.0.0~lint:fix: unsafe-perm in lifecycle true
9 verbose lifecycle contribute101@1.0.0~lint:fix: PATH: /usr/share/npm/bin/node-gyp-bin:/home/user/Documents/CC/repos Hacktober/Contribute-101/node_modules/.bin:/home/user/.local/bin:/home/user/.local/bin:/opt/maven/bin:/usr/local/sbin:/usr/local/bin:/usr/sbin:/usr/bin:/sbin:/bin:/usr/games:/usr/local/games:/snap/bin
10 verbose lifecycle contribute101@1.0.0~lint:fix: CWD: /home/user/Documents/CC/repos Hacktober/Contribute-101
11 silly lifecycle contribute101@1.0.0~lint:fix: Args: [ '-c', 'eslint . --fix' ]
12 silly lifecycle contribute101@1.0.0~lint:fix: Returned: code: 1  signal: null
13 info lifecycle contribute101@1.0.0~lint:fix: Failed to exec lint:fix script
14 verbose stack Error: contribute101@1.0.0 lint:fix: `eslint . --fix`
14 verbose stack Exit status 1
14 verbose stack     at EventEmitter.<anonymous> (/usr/share/npm/lib/utils/lifecycle.js:232:16)
14 verbose stack     at emitTwo (events.js:126:13)
14 verbose stack     at EventEmitter.emit (events.js:214:7)
14 verbose stack     at ChildProcess.<anonymous> (/usr/share/npm/lib/utils/spawn.js:24:14)
14 verbose stack     at emitTwo (events.js:126:13)
14 verbose stack     at ChildProcess.emit (events.js:214:7)
14 verbose stack     at maybeClose (internal/child_process.js:925:16)
14 verbose stack     at Process.ChildProcess._handle.onexit (internal/child_process.js:209:5)
15 verbose pkgid contribute101@1.0.0
16 verbose cwd /home/user/Documents/CC/repos Hacktober/Contribute-101/contributors
17 error Linux 5.4.0-48-generic
18 error argv "/usr/bin/node" "/usr/bin/npm" "run" "lint:fix"
19 error node v8.10.0
20 error npm  v3.5.2
21 error code ELIFECYCLE
22 error contribute101@1.0.0 lint:fix: `eslint . --fix`
22 error Exit status 1
23 error Failed at the contribute101@1.0.0 lint:fix script 'eslint . --fix'.
23 error Make sure you have the latest version of node.js and npm installed.
23 error If you do, this is most likely a problem with the contribute101 package,
23 error not with npm itself.
23 error Tell the author that this fails on your system:
23 error     eslint . --fix
23 error You can get information on how to open an issue for this project with:
23 error     npm bugs contribute101
23 error Or if that isn't available, you can get their info via:
23 error     npm owner ls contribute101
23 error There is likely additional logging output above.
24 verbose exit [ 1, true ]
